<?xml version="1.0" encoding="UTF-8"?>
<testng-results ignored="0" total="5" passed="5" failed="0" skipped="0">
  <reporter-output>
  </reporter-output>
  <suite started-at="2024-08-14T15:32:05 IST" name="Sanity Suite" finished-at="2024-08-14T15:32:24 IST" duration-ms="18593">
    <groups>
    </groups>
    <test started-at="2024-08-14T15:32:05 IST" name="Register Demo Flow" finished-at="2024-08-14T15:32:24 IST" duration-ms="18593">
      <class name="com.qaautomation.registerdemo.RegisterDemoFlow">
        <test-method signature="launchApplication()[pri:1, instance:com.qaautomation.registerdemo.RegisterDemoFlow@1e802ef9]" started-at="2024-08-14T15:32:05 IST" name="launchApplication" finished-at="2024-08-14T15:32:20 IST" duration-ms="14440" status="PASS">
          <reporter-output>
          </reporter-output>
        </test-method> <!-- launchApplication -->
        <test-method signature="navigateToRegisterDemoPage()[pri:2, instance:com.qaautomation.registerdemo.RegisterDemoFlow@1e802ef9]" started-at="2024-08-14T15:32:20 IST" name="navigateToRegisterDemoPage" finished-at="2024-08-14T15:32:21 IST" duration-ms="1335" status="PASS">
          <reporter-output>
          </reporter-output>
        </test-method> <!-- navigateToRegisterDemoPage -->
        <test-method signature="registerDemo()[pri:3, instance:com.qaautomation.registerdemo.RegisterDemoFlow@1e802ef9]" started-at="2024-08-14T15:32:21 IST" name="registerDemo" finished-at="2024-08-14T15:32:24 IST" duration-ms="2622" status="PASS">
          <reporter-output>
          </reporter-output>
        </test-method> <!-- registerDemo -->
        <test-method signature="validateSuccessfulMessage()[pri:4, instance:com.qaautomation.registerdemo.RegisterDemoFlow@1e802ef9]" started-at="2024-08-14T15:32:24 IST" name="validateSuccessfulMessage" finished-at="2024-08-14T15:32:24 IST" duration-ms="32" status="PASS">
          <reporter-output>
          </reporter-output>
        </test-method> <!-- validateSuccessfulMessage -->
        <test-method signature="closeApplication()[pri:5, instance:com.qaautomation.registerdemo.RegisterDemoFlow@1e802ef9]" started-at="2024-08-14T15:32:24 IST" name="closeApplication" finished-at="2024-08-14T15:32:24 IST" duration-ms="114" status="PASS">
          <reporter-output>
          </reporter-output>
        </test-method> <!-- closeApplication -->
      </class> <!-- com.qaautomation.registerdemo.RegisterDemoFlow -->
    </test> <!-- Register Demo Flow -->
  </suite> <!-- Sanity Suite -->
</testng-results>
